<?xml version="1.0" encoding="utf-8"?><testsuites name="pytest tests"><testsuite name="pytest" errors="0" failures="0" skipped="0" tests="10" time="3.595" timestamp="2026-05-20T13:28:01.709981+00:00" hostname="agent-env-3001199f-18b3-4b45-ab01-82b1e9d5baae"><testcase classname="backend.tests.test_lunet_api.TestRoot" name="test_root" time="0.554" /><testcase classname="backend.tests.test_lunet_api.TestProjects" name="test_list_projects_returns_six" time="0.084" /><testcase classname="backend.tests.test_lunet_api.TestProjects" name="test_project_ids_match" time="0.267" /><testcase classname="backend.tests.test_lunet_api.TestProjects" name="test_project_shape" time="0.080" /><testcase classname="backend.tests.test_lunet_api.TestWaitlist" name="test_count_endpoint_returns_numeric" time="0.184" /><testcase classname="backend.tests.test_lunet_api.TestWaitlist" name="test_join_valid_email" time="0.141" /><testcase classname="backend.tests.test_lunet_api.TestWaitlist" name="test_duplicate_returns_409" time="0.440" /><testcase classname="backend.tests.test_lunet_api.TestWaitlist" name="test_duplicate_case_insensitive" time="0.261" /><testcase classname="backend.tests.test_lunet_api.TestWaitlist" name="test_invalid_email_returns_422" time="0.176" /><testcase classname="backend.tests.test_lunet_api.TestWaitlist" name="test_count_increments_after_signup" time="0.503" /></testsuite></testsuites>