<?xml version="1.0" encoding="utf-8"?><testsuites name="pytest tests"><testsuite name="pytest" errors="0" failures="0" skipped="0" tests="10" time="1.574" timestamp="2026-05-20T14:25:58.094738+00:00" hostname="agent-env-3001199f-18b3-4b45-ab01-82b1e9d5baae"><testcase classname="backend.tests.test_lunet_api.TestRoot" name="test_root" time="0.352" /><testcase classname="backend.tests.test_lunet_api.TestProjects" name="test_list_projects_returns_six" time="0.061" /><testcase classname="backend.tests.test_lunet_api.TestProjects" name="test_project_ids_match" time="0.055" /><testcase classname="backend.tests.test_lunet_api.TestProjects" name="test_project_shape" time="0.051" /><testcase classname="backend.tests.test_lunet_api.TestWaitlist" name="test_count_endpoint_returns_numeric" time="0.073" /><testcase classname="backend.tests.test_lunet_api.TestWaitlist" name="test_join_valid_email" time="0.084" /><testcase classname="backend.tests.test_lunet_api.TestWaitlist" name="test_duplicate_returns_409" time="0.110" /><testcase classname="backend.tests.test_lunet_api.TestWaitlist" name="test_duplicate_case_insensitive" time="0.110" /><testcase classname="backend.tests.test_lunet_api.TestWaitlist" name="test_invalid_email_returns_422" time="0.070" /><testcase classname="backend.tests.test_lunet_api.TestWaitlist" name="test_count_increments_after_signup" time="0.168" /></testsuite></testsuites>